<?xml version="1.0" encoding="UTF-8"?>
<testsuite xmlns:xsi="http://www.w3.org/2001/XMLSchema-instance" xsi:noNamespaceSchemaLocation="https://maven.apache.org/surefire/maven-surefire-plugin/xsd/surefire-test-report-3.0.xsd" version="3.0" name="com.skylink.FlightTest" time="0.06" tests="4" errors="0" skipped="0" failures="0">
  <properties>
[...]
</properties>
  <testcase name="testGetNonExistentSeat" classname="com.skylink.FlightTest" time="0.003"/>
  <testcase name="testGetSeat" classname="com.skylink.FlightTest" time="0.003"/>
  <testcase name="testAvailableSeats" classname="com.skylink.FlightTest" time="0.005"/>
  <testcase name="testFlightInitialization" classname="com.skylink.FlightTest" time="0.022"/>
</testsuite>